\BOOKMARK [1][-]{section.0.1}{\376\377\000K\000h\036\337\000i\000\040\000t\036\241\000o\000\040\000\046\000\040\000T\000i\036\301\000n\000\040\000x\036\355\000\040\000l\000\375}{}% 1
\BOOKMARK [2][-]{subsection.0.1.1}{\376\377\000M\036\345\000c\000\040\000t\000i\000\352\000u}{section.0.1}% 2
\BOOKMARK [2][-]{subsection.0.1.2}{\376\377\000T\000h\000a\000o\000\040\000t\000\341\000c}{section.0.1}% 3
\BOOKMARK [2][-]{subsection.0.1.3}{\376\377\000T\000h\000\364\000n\000g\000\040\000t\000i\000n\000\040\000b\000a\000n\000\040\001\021\036\247\000u\000\040\000c\036\347\000a\000\040\000d\036\357\000\040\000l\000i\036\307\000u}{section.0.1}% 4
\BOOKMARK [2][-]{subsection.0.1.4}{\376\377\000I\000n\000s\000i\000g\000h\000t}{section.0.1}% 5
\BOOKMARK [1][-]{section.0.2}{\376\377\000K\000h\036\243\000o\000\040\000s\000\341\000t\000\040\000P\000h\000\342\000n\000\040\000p\000h\036\321\000i\000\040\000N\000h\000\343\000n}{}% 6
\BOOKMARK [2][-]{subsection.0.2.1}{\376\377\000M\036\345\000c\000\040\000t\000i\000\352\000u}{section.0.2}% 7
\BOOKMARK [2][-]{subsection.0.2.2}{\376\377\000T\000h\000a\000o\000\040\000t\000\341\000c}{section.0.2}% 8
\BOOKMARK [2][-]{subsection.0.2.3}{\376\377\000I\000n\000s\000i\000g\000h\000t}{section.0.2}% 9
\BOOKMARK [1][-]{section.0.3}{\376\377\000P\000h\000\342\000n\000\040\000t\000\355\000c\000h\000\040\000P\000h\000\342\000n\000\040\000p\000h\036\321\000i\000\040\001\020\000i\036\303\000m\000\040\036\243\000n\000h}{}% 10
\BOOKMARK [2][-]{subsection.0.3.1}{\376\377\000M\036\345\000c\000\040\000t\000i\000\352\000u}{section.0.3}% 11
\BOOKMARK [2][-]{subsection.0.3.2}{\376\377\000T\000h\000a\000o\000\040\000t\000\341\000c}{section.0.3}% 12
\BOOKMARK [2][-]{subsection.0.3.3}{\376\377\000I\000n\000s\000i\000g\000h\000t}{section.0.3}% 13
\BOOKMARK [1][-]{section.0.4}{\376\377\000P\000h\000\342\000n\000\040\000t\000\355\000c\000h\000\040\036\242\000n\000h\000\040\000T\000r\000u\000n\000g\000\040\000b\000\354\000n\000h\000\040\000\046\000\040\000B\036\243\000n\000\040\001\021\036\323\000\040\000C\000h\000\352\000n\000h\000\040\000l\036\307\000c\000h}{}% 14
\BOOKMARK [2][-]{subsection.0.4.1}{\376\377\000M\036\345\000c\000\040\000t\000i\000\352\000u}{section.0.4}% 15
\BOOKMARK [2][-]{subsection.0.4.2}{\376\377\000T\000h\000a\000o\000\040\000t\000\341\000c}{section.0.4}% 16
\BOOKMARK [2][-]{subsection.0.4.3}{\376\377\000I\000n\000s\000i\000g\000h\000t}{section.0.4}% 17
\BOOKMARK [1][-]{section.0.5}{\376\377\000P\000h\000\342\000n\000\040\000t\000\355\000c\000h\000\040\001\020\036\267\000c\000\040\000t\000r\001\260\000n\000g\000\040\000T\000h\036\313\000\040\000g\000i\000\341\000c}{}% 18
\BOOKMARK [2][-]{subsection.0.5.1}{\376\377\000A\000.\000\040\000C\036\241\000n\000h\000\040\000b\000i\000\352\000n\000\040\000\050\000C\000a\000n\000n\000y\000\040\000E\000d\000g\000e\000\040\000D\000e\000t\000e\000c\000t\000i\000o\000n\000\051}{section.0.5}% 19
\BOOKMARK [2][-]{subsection.0.5.2}{\376\377\000B\000.\000\040\000T\000r\000\355\000c\000h\000\040\000x\000u\036\245\000t\000\040\001\021\036\267\000c\000\040\000t\000r\001\260\000n\000g\000\040\000t\000h\036\313\000\040\000g\000i\000\341\000c\000\040\000t\000r\000u\000y\036\301\000n\000\040\000t\000h\036\321\000n\000g\000\040\000\050\000C\000V\000\040\000F\000e\000a\000t\000u\000r\000e\000\040\000E\000x\000t\000r\000a\000c\000t\000i\000o\000n\000\051}{section.0.5}% 20
\BOOKMARK [1][-]{section.0.6}{\376\377\001\020\000\341\000n\000h\000\040\000g\000i\000\341\000\040\000K\000h\036\243\000\040\000n\001\003\000n\000g\000\040\000P\000h\000\342\000n\000\040\000t\000\341\000c\000h\000\040\000\050\000t\000-\000S\000N\000E\000\051}{}% 21
\BOOKMARK [2][-]{subsection.0.6.1}{\376\377\000M\036\345\000c\000\040\000t\000i\000\352\000u}{section.0.6}% 22
\BOOKMARK [2][-]{subsection.0.6.2}{\376\377\000T\000h\000a\000o\000\040\000t\000\341\000c}{section.0.6}% 23
\BOOKMARK [2][-]{subsection.0.6.3}{\376\377\000I\000n\000s\000i\000g\000h\000t}{section.0.6}% 24
\BOOKMARK [1][-]{section.0.7}{\376\377\001\020\000o\000\040\000l\001\260\036\335\000n\000g\000\040\001\020\036\331\000\040\000T\001\260\001\241\000n\000g\000\040\001\020\036\323\000n\000g\000\040\000C\036\245\000u\000\040\000T\000r\000\372\000c\000\040\000\050\000S\000S\000I\000M\000\051}{}% 25
\BOOKMARK [2][-]{subsection.0.7.1}{\376\377\000M\036\345\000c\000\040\000t\000i\000\352\000u}{section.0.7}% 26
\BOOKMARK [2][-]{subsection.0.7.2}{\376\377\000T\000h\000a\000o\000\040\000t\000\341\000c}{section.0.7}% 27
\BOOKMARK [2][-]{subsection.0.7.3}{\376\377\000I\000n\000s\000i\000g\000h\000t}{section.0.7}% 28
\BOOKMARK [1][-]{section.0.8}{\376\377\000T\000r\000u\000y\000\040\000t\000\354\000m\000\040\000N\000g\000o\036\241\000i\000\040\000l\000a\000i\000\040\000v\000\340\000\040\036\242\000n\000h\000\040\000H\036\317\000n\000g}{}% 29
\BOOKMARK [2][-]{subsection.0.8.1}{\376\377\000M\036\345\000c\000\040\000t\000i\000\352\000u}{section.0.8}% 30
\BOOKMARK [2][-]{subsection.0.8.2}{\376\377\000T\000h\000a\000o\000\040\000t\000\341\000c}{section.0.8}% 31
\BOOKMARK [2][-]{subsection.0.8.3}{\376\377\000I\000n\000s\000i\000g\000h\000t}{section.0.8}% 32
